<?xml version="1.0" encoding="UTF-8"?>
<!-- Generated by org.testng.reporters.JUnitXMLReporter -->
<testsuite hostname="DS-2111AA680738" ignored="1" name="Login And ForgetPassword" tests="2" failures="0" timestamp="20 Jul 2018 11:39:22 GMT" time="87.277" errors="0">
  <testcase name="LoginPageModuletest" time="14.586" classname="com.ManchesterUnitedKingdom.TestClass.LoginAndForgetPasswordClass"/>
  <testcase name="LogOUt" time="34.181" classname="com.ManchesterUnitedKingdom.TestClass.LoginAndForgetPasswordClass"/>
  <testcase name="frogetPassword" time="0.0" classname="com.ManchesterUnitedKingdom.TestClass.LoginAndForgetPasswordClass">
    <ignored/>
  </testcase> <!-- frogetPassword -->
</testsuite> <!-- Login And ForgetPassword -->
